::1 - - [01/May/2022:17:22:38 +0800] "GET /~/admin/ HTTP/1.1" 200 745
::1 - - [01/May/2022:17:22:38 +0800] "GET /~/admin/static/css/main.38816d59.css HTTP/1.1" 200 405
::1 - - [01/May/2022:17:22:38 +0800] "GET /~/admin/static/js/main.65cedc07.js HTTP/1.1" 200 -
::1 - - [01/May/2022:17:22:39 +0800] "POST /~/api/get_vfs HTTP/1.1" 200 26
::1 - - [01/May/2022:17:22:39 +0800] "POST /~/api/get_config HTTP/1.1" 200 29
::1 - - [01/May/2022:17:22:39 +0800] "GET /~/admin/logo.svg HTTP/1.1" 200 3296
::1 - - [01/May/2022:17:22:39 +0800] "POST /~/api/get_status HTTP/1.1" 200 384
::1 - - [01/May/2022:17:22:39 +0800] "POST /~/api/get_status HTTP/1.1" 200 384
::1 - - [01/May/2022:17:22:40 +0800] "GET /~/admin/manifest.json HTTP/1.1" 200 306
::1 - - [01/May/2022:17:22:47 +0800] "POST /~/api/get_vfs HTTP/1.1" 200 26
::1 - - [01/May/2022:17:22:47 +0800] "POST /~/api/get_status HTTP/1.1" 200 384
::1 - - [01/May/2022:17:22:51 +0800] "POST /~/api/get_cwd HTTP/1.1" 200 36
::1 - - [01/May/2022:17:22:51 +0800] "GET /~/api/ls HTTP/1.1" 200 -
::1 - - [01/May/2022:17:22:55 +0800] "GET /~/api/ls HTTP/1.1" 200 -
::1 - - [01/May/2022:17:22:58 +0800] "GET /~/api/ls HTTP/1.1" 200 -
::1 - - [01/May/2022:17:22:59 +0800] "GET /~/api/ls HTTP/1.1" 200 -
::1 - - [01/May/2022:17:23:02 +0800] "GET /~/api/ls HTTP/1.1" 200 -
::1 - - [01/May/2022:17:23:04 +0800] "POST /~/api/add_vfs HTTP/1.1" 200 2
::1 - - [01/May/2022:17:23:04 +0800] "POST /~/api/get_vfs HTTP/1.1" 200 89
::1 - - [01/May/2022:17:23:07 +0800] "POST /~/api/get_vfs HTTP/1.1" 200 89
fe80::715e:2e2f:e2e6:7eb4%4 - - [01/May/2022:17:23:16 +0800] "GET / HTTP/1.1" 200 650
fe80::715e:2e2f:e2e6:7eb4%4 - - [01/May/2022:17:23:16 +0800] "GET /~/frontend/fontello.css HTTP/1.1" 200 -
fe80::715e:2e2f:e2e6:7eb4%4 - - [01/May/2022:17:23:16 +0800] "GET /~/frontend/static/css/main.ea1db570.css HTTP/1.1" 200 -
fe80::715e:2e2f:e2e6:7eb4%4 - - [01/May/2022:17:23:16 +0800] "GET /~/frontend/static/js/main.42bb4ed4.js HTTP/1.1" 200 -
fe80::715e:2e2f:e2e6:7eb4%4 - - [01/May/2022:17:23:17 +0800] "POST /~/api/config HTTP/1.1" 200 2
fe80::715e:2e2f:e2e6:7eb4%4 - - [01/May/2022:17:23:17 +0800] "GET /~/api/file_list HTTP/1.1" 200 -
fe80::715e:2e2f:e2e6:7eb4%4 - - [01/May/2022:17:23:17 +0800] "GET /~/frontend/fontello.woff2 HTTP/1.1" 200 6552
fe80::715e:2e2f:e2e6:7eb4%4 - - [01/May/2022:17:23:20 +0800] "GET /~/api/file_list HTTP/1.1" 200 -
fe80::715e:2e2f:e2e6:7eb4%4 - - [01/May/2022:17:23:24 +0800] "GET /~/api/file_list HTTP/1.1" 200 -
fe80::715e:2e2f:e2e6:7eb4%4 - - [01/May/2022:17:23:25 +0800] "GET /~/api/file_list HTTP/1.1" 200 -
fe80::715e:2e2f:e2e6:7eb4%4 - - [01/May/2022:17:23:39 +0800] "GET /~/api/file_list HTTP/1.1" 200 -
fe80::715e:2e2f:e2e6:7eb4%4 - - [01/May/2022:17:23:43 +0800] "GET /dev/ELuaProfiler/ HTTP/1.1" 200 1225516
::1 - - [03/May/2022:19:43:10 +0800] "GET /~/admin/ HTTP/1.1" 200 745
::1 - - [03/May/2022:19:43:10 +0800] "GET /~/admin/static/css/main.38816d59.css HTTP/1.1" 200 405
::1 - - [03/May/2022:19:43:14 +0800] "GET /~/admin/static/js/main.65cedc07.js HTTP/1.1" 200 -
::1 - - [03/May/2022:19:43:14 +0800] "POST /~/api/get_config HTTP/1.1" 200 29
::1 - - [03/May/2022:19:43:14 +0800] "POST /~/api/get_vfs HTTP/1.1" 200 89
::1 - - [03/May/2022:19:43:14 +0800] "GET /~/admin/logo.svg HTTP/1.1" 200 3296
::1 - - [03/May/2022:19:43:14 +0800] "POST /~/api/get_status HTTP/1.1" 200 384
::1 - - [03/May/2022:19:43:14 +0800] "POST /~/api/get_status HTTP/1.1" 200 384
::1 - - [03/May/2022:19:44:00 +0800] "GET /~/admin/manifest.json HTTP/1.1" 200 306
::1 - - [03/May/2022:19:46:02 +0800] "GET /~/admin/ HTTP/1.1" 200 745
::1 - - [03/May/2022:19:46:03 +0800] "POST /~/api/get_config HTTP/1.1" 200 29
::1 - - [03/May/2022:19:46:03 +0800] "POST /~/api/get_vfs HTTP/1.1" 200 89
::1 - - [03/May/2022:19:46:03 +0800] "POST /~/api/get_status HTTP/1.1" 200 384
::1 - - [03/May/2022:19:46:03 +0800] "POST /~/api/get_status HTTP/1.1" 200 384
